<?xml version="1.0" encoding="UTF-8"?>
<testng-results ignored="0" total="1" passed="1" failed="0" skipped="0">
  <reporter-output>
  </reporter-output>
  <suite started-at="2023-09-16T13:06:37 IST" name="Suite" finished-at="2023-09-16T13:09:25 IST" duration-ms="168213">
    <groups>
    </groups>
    <test started-at="2023-09-16T13:06:37 IST" name="Test" finished-at="2023-09-16T13:09:25 IST" duration-ms="168213">
      <class name="demo.Mycode">
        <test-method signature="test1(java.lang.String,java.lang.String,java.lang.String,java.lang.String,java.lang.String,java.lang.String)[pri:0, instance:demo.Mycode@6340e5f0]" started-at="2023-09-16T13:06:37 IST" name="test1" finished-at="2023-09-16T13:09:25 IST" duration-ms="167951" status="PASS">
          <params>
            <param index="0">
              <value>
                <![CDATA[nafisha13]]>
              </value>
            </param>
            <param index="1">
              <value>
                <![CDATA[636978]]>
              </value>
            </param>
            <param index="2">
              <value>
                <![CDATA[Arpit]]>
              </value>
            </param>
            <param index="3">
              <value>
                <![CDATA[singh]]>
              </value>
            </param>
            <param index="4">
              <value>
                <![CDATA[No.12,Masjid Street,Chennai]]>
              </value>
            </param>
            <param index="5">
              <value>
                <![CDATA[4915293070636978]]>
              </value>
            </param>
          </params>
          <reporter-output>
          </reporter-output>
        </test-method> <!-- test1 -->
      </class> <!-- demo.Mycode -->
    </test> <!-- Test -->
  </suite> <!-- Suite -->
</testng-results>
